Copyright 1986-2018 Xilinx, Inc. All Rights Reserved.
------------------------------------------------------------------------------------
| Tool Version : Vivado v.2018.3 (win64) Build 2405991 Thu Dec  6 23:38:27 MST 2018
| Date         : Fri Jul 11 14:38:55 2025
| Host         : kuudere running 64-bit major release  (build 9200)
| Command      : upgrade_ip
| Device       : xc7a100tfgg484-1
------------------------------------------------------------------------------------

Upgrade Log for IP 'cpuclk'

1. Summary
----------

SUCCESS in the conversion of cpuclk (xilinx.com:ip:clk_wiz:6.0 (Rev. 2)) to Vivado generation flows.






Copyright 1986-2018 Xilinx, Inc. All Rights Reserved.
------------------------------------------------------------------------------------
| Tool Version : Vivado v.2018.3 (win64) Build 2405991 Thu Dec  6 23:38:27 MST 2018
| Date         : Fri Jul 11 14:38:52 2025
| Host         : kuudere running 64-bit major release  (build 9200)
| Command      : upgrade_ip
| Device       : xc7a100tfgg484-1
------------------------------------------------------------------------------------

Upgrade Log for IP 'IROM'

1. Summary
----------

SUCCESS in the conversion of IROM (xilinx.com:ip:dist_mem_gen:8.0 (Rev. 12)) to Vivado generation flows.






Copyright 1986-2018 Xilinx, Inc. All Rights Reserved.
------------------------------------------------------------------------------------
| Tool Version : Vivado v.2018.3 (win64) Build 2405991 Thu Dec  6 23:38:27 MST 2018
| Date         : Fri Jul 11 14:38:52 2025
| Host         : kuudere running 64-bit major release  (build 9200)
| Command      : upgrade_ip
| Device       : xc7a100tfgg484-1
------------------------------------------------------------------------------------

Upgrade Log for IP 'DRAM'

1. Summary
----------

SUCCESS in the conversion of DRAM (xilinx.com:ip:dist_mem_gen:8.0 (Rev. 12)) to Vivado generation flows.

