#-----------------------------------------------------------
# Vivado v2018.3 (64-bit)
# SW Build 2405991 on Thu Dec  6 23:38:27 MST 2018
# IP Build 2404404 on Fri Dec  7 01:43:56 MST 2018
# Start of session at: Wed Jul  2 21:44:39 2025
# Process ID: 18104
# Current directory: E:/Experiment Files/CPU_desigin/LAB2/proj_miniRV_minisys/proj_single_cycle
# Command line: vivado.exe -gui_launcher_event rodinguilauncherevent10840 E:\Experiment Files\CPU_desigin\LAB2\proj_miniRV_minisys\proj_single_cycle\proj_single_cycle.xpr
# Log file: E:/Experiment Files/CPU_desigin/LAB2/proj_miniRV_minisys/proj_single_cycle/vivado.log
# Journal file: E:/Experiment Files/CPU_desigin/LAB2/proj_miniRV_minisys/proj_single_cycle\vivado.jou
#-----------------------------------------------------------
start_gui
open_project {E:/Experiment Files/CPU_desigin/LAB2/proj_miniRV_minisys/proj_single_cycle/proj_single_cycle.xpr}
Scanning sources...
Finished scanning sources
INFO: [IP_Flow 19-234] Refreshing IP repositories
INFO: [IP_Flow 19-1704] No user IP repositories specified
INFO: [IP_Flow 19-2313] Loaded Vivado IP repository 'D:/Vivado2018/Vivado2018.3/Vivado/2018.3/data/ip'.
open_project: Time (s): cpu = 00:00:10 ; elapsed = 00:00:08 . Memory (MB): peak = 682.785 ; gain = 107.188
update_compile_order -fileset sources_1
close [ open {E:/Experiment Files/CPU_desigin/LAB2/proj_miniRV_minisys/proj_single_cycle/proj_single_cycle.srcs/sources_1/new/DRAM.v} w ]
add_files {{E:/Experiment Files/CPU_desigin/LAB2/proj_miniRV_minisys/proj_single_cycle/proj_single_cycle.srcs/sources_1/new/DRAM.v}}
update_compile_order -fileset sources_1
export_ip_user_files -of_objects  [get_files {{E:/Experiment Files/CPU_desigin/LAB2/proj_miniRV_minisys/proj_single_cycle/proj_single_cycle.srcs/sources_1/new/DRAM.v}}] -no_script -reset -force -quiet
remove_files  {{E:/Experiment Files/CPU_desigin/LAB2/proj_miniRV_minisys/proj_single_cycle/proj_single_cycle.srcs/sources_1/new/DRAM.v}}
file delete -force {E:/Experiment Files/CPU_desigin/LAB2/proj_miniRV_minisys/proj_single_cycle/proj_single_cycle.srcs/sources_1/new/DRAM.v}
create_ip -name dist_mem_gen -vendor xilinx.com -library ip -version 8.0 -module_name DRAM -dir {e:/Experiment Files/CPU_desigin/LAB2/proj_miniRV_minisys/proj_single_cycle/proj_single_cycle.srcs/sources_1/ip}
set_property -dict [list CONFIG.depth {16384} CONFIG.data_width {32} CONFIG.Component_Name {DRAM}] [get_ips DRAM]
WARNING: [Vivado 12-3523] Attempt to change 'Component_Name' from 'DRAM' to 'DRAM' is not allowed and is ignored.
generate_target {instantiation_template} [get_files {{e:/Experiment Files/CPU_desigin/LAB2/proj_miniRV_minisys/proj_single_cycle/proj_single_cycle.srcs/sources_1/ip/DRAM/DRAM.xci}}]
INFO: [IP_Flow 19-1686] Generating 'Instantiation Template' target for IP 'DRAM'...
update_compile_order -fileset sources_1
generate_target all [get_files  {{e:/Experiment Files/CPU_desigin/LAB2/proj_miniRV_minisys/proj_single_cycle/proj_single_cycle.srcs/sources_1/ip/DRAM/DRAM.xci}}]
INFO: [IP_Flow 19-1686] Generating 'Synthesis' target for IP 'DRAM'...
INFO: [IP_Flow 19-1686] Generating 'Simulation' target for IP 'DRAM'...
INFO: [IP_Flow 19-1686] Generating 'Change Log' target for IP 'DRAM'...
catch { config_ip_cache -export [get_ips -all DRAM] }
export_ip_user_files -of_objects [get_files {{e:/Experiment Files/CPU_desigin/LAB2/proj_miniRV_minisys/proj_single_cycle/proj_single_cycle.srcs/sources_1/ip/DRAM/DRAM.xci}}] -no_script -sync -force -quiet
create_ip_run [get_files -of_objects [get_fileset sources_1] {{e:/Experiment Files/CPU_desigin/LAB2/proj_miniRV_minisys/proj_single_cycle/proj_single_cycle.srcs/sources_1/ip/DRAM/DRAM.xci}}]
launch_runs -jobs 12 DRAM_synth_1
[Wed Jul  2 21:51:35 2025] Launched DRAM_synth_1...
Run output will be captured here: E:/Experiment Files/CPU_desigin/LAB2/proj_miniRV_minisys/proj_single_cycle/proj_single_cycle.runs/DRAM_synth_1/runme.log
export_simulation -of_objects [get_files {{e:/Experiment Files/CPU_desigin/LAB2/proj_miniRV_minisys/proj_single_cycle/proj_single_cycle.srcs/sources_1/ip/DRAM/DRAM.xci}}] -directory {E:/Experiment Files/CPU_desigin/LAB2/proj_miniRV_minisys/proj_single_cycle/proj_single_cycle.ip_user_files/sim_scripts} -ip_user_files_dir {E:/Experiment Files/CPU_desigin/LAB2/proj_miniRV_minisys/proj_single_cycle/proj_single_cycle.ip_user_files} -ipstatic_source_dir {E:/Experiment Files/CPU_desigin/LAB2/proj_miniRV_minisys/proj_single_cycle/proj_single_cycle.ip_user_files/ipstatic} -lib_map_path [list {modelsim=E:/Experiment Files/CPU_desigin/LAB2/proj_miniRV_minisys/proj_single_cycle/proj_single_cycle.cache/compile_simlib/modelsim} {questa=E:/Experiment Files/CPU_desigin/LAB2/proj_miniRV_minisys/proj_single_cycle/proj_single_cycle.cache/compile_simlib/questa} {riviera=E:/Experiment Files/CPU_desigin/LAB2/proj_miniRV_minisys/proj_single_cycle/proj_single_cycle.cache/compile_simlib/riviera} {activehdl=E:/Experiment Files/CPU_desigin/LAB2/proj_miniRV_minisys/proj_single_cycle/proj_single_cycle.cache/compile_simlib/activehdl}] -use_ip_compiled_libs -force -quiet
export_ip_user_files -of_objects  [get_files {{E:/Experiment Files/CPU_desigin/LAB2/proj_miniRV_minisys/proj_single_cycle/proj_single_cycle.srcs/sources_1/new/myIROM.v}}] -no_script -reset -force -quiet
remove_files  {{E:/Experiment Files/CPU_desigin/LAB2/proj_miniRV_minisys/proj_single_cycle/proj_single_cycle.srcs/sources_1/new/myIROM.v}}
file delete -force {E:/Experiment Files/CPU_desigin/LAB2/proj_miniRV_minisys/proj_single_cycle/proj_single_cycle.srcs/sources_1/new/myIROM.v}
remove_files  {{E:/Experiment Files/CPU_desigin/LAB2/proj_miniRV_minisys/proj_single_cycle/proj_single_cycle.srcs/sources_1/new/myIROM.v}}
WARNING: [Vivado 12-818] No files matched 'E:/Experiment Files/CPU_desigin/LAB2/proj_miniRV_minisys/proj_single_cycle/proj_single_cycle.srcs/sources_1/new/myIROM.v'
close [ open {E:/Experiment Files/CPU_desigin/LAB2/proj_miniRV_minisys/proj_single_cycle/proj_single_cycle.srcs/sources_1/new/ALU.v} w ]
add_files {{E:/Experiment Files/CPU_desigin/LAB2/proj_miniRV_minisys/proj_single_cycle/proj_single_cycle.srcs/sources_1/new/ALU.v}}
update_compile_order -fileset sources_1
close [ open {E:/Experiment Files/CPU_desigin/LAB2/proj_miniRV_minisys/proj_single_cycle/proj_single_cycle.srcs/sources_1/new/controller.v} w ]
add_files {{E:/Experiment Files/CPU_desigin/LAB2/proj_miniRV_minisys/proj_single_cycle/proj_single_cycle.srcs/sources_1/new/controller.v}}
update_compile_order -fileset sources_1
set_property -dict [list CONFIG.coefficient_file {E:/Experiment Files/CPU_desigin/LAB2/proj_miniRV_minisys/proj_single_cycle/program.coe}] [get_ips IROM]
INFO: [IP_Flow 19-3484] Absolute path of file 'e:/Experiment Files/CPU_desigin/LAB2/proj_miniRV_minisys/proj_single_cycle/program.coe' provided. It will be converted relative to IP Instance files '../../../../program.coe'
generate_target all [get_files  {{E:/Experiment Files/CPU_desigin/LAB2/proj_miniRV_minisys/proj_single_cycle/proj_single_cycle.srcs/sources_1/ip/IROM/IROM.xci}}]
INFO: [IP_Flow 19-1686] Generating 'Instantiation Template' target for IP 'IROM'...
INFO: [IP_Flow 19-1686] Generating 'Synthesis' target for IP 'IROM'...
INFO: [IP_Flow 19-1686] Generating 'Simulation' target for IP 'IROM'...
INFO: [IP_Flow 19-1686] Generating 'Change Log' target for IP 'IROM'...
catch { config_ip_cache -export [get_ips -all IROM] }
export_ip_user_files -of_objects [get_files {{E:/Experiment Files/CPU_desigin/LAB2/proj_miniRV_minisys/proj_single_cycle/proj_single_cycle.srcs/sources_1/ip/IROM/IROM.xci}}] -no_script -sync -force -quiet
reset_run IROM_synth_1
launch_runs -jobs 12 IROM_synth_1
[Fri Jul  4 09:32:38 2025] Launched IROM_synth_1...
Run output will be captured here: E:/Experiment Files/CPU_desigin/LAB2/proj_miniRV_minisys/proj_single_cycle/proj_single_cycle.runs/IROM_synth_1/runme.log
export_simulation -of_objects [get_files {{E:/Experiment Files/CPU_desigin/LAB2/proj_miniRV_minisys/proj_single_cycle/proj_single_cycle.srcs/sources_1/ip/IROM/IROM.xci}}] -directory {E:/Experiment Files/CPU_desigin/LAB2/proj_miniRV_minisys/proj_single_cycle/proj_single_cycle.ip_user_files/sim_scripts} -ip_user_files_dir {E:/Experiment Files/CPU_desigin/LAB2/proj_miniRV_minisys/proj_single_cycle/proj_single_cycle.ip_user_files} -ipstatic_source_dir {E:/Experiment Files/CPU_desigin/LAB2/proj_miniRV_minisys/proj_single_cycle/proj_single_cycle.ip_user_files/ipstatic} -lib_map_path [list {modelsim=E:/Experiment Files/CPU_desigin/LAB2/proj_miniRV_minisys/proj_single_cycle/proj_single_cycle.cache/compile_simlib/modelsim} {questa=E:/Experiment Files/CPU_desigin/LAB2/proj_miniRV_minisys/proj_single_cycle/proj_single_cycle.cache/compile_simlib/questa} {riviera=E:/Experiment Files/CPU_desigin/LAB2/proj_miniRV_minisys/proj_single_cycle/proj_single_cycle.cache/compile_simlib/riviera} {activehdl=E:/Experiment Files/CPU_desigin/LAB2/proj_miniRV_minisys/proj_single_cycle/proj_single_cycle.cache/compile_simlib/activehdl}] -use_ip_compiled_libs -force -quiet
set_property -dict [list CONFIG.coefficient_file {E:/Experiment Files/CPU_desigin/LAB2/proj_miniRV_minisys/proj_single_cycle/programDRAM.coe}] [get_ips DRAM]
INFO: [IP_Flow 19-3484] Absolute path of file 'e:/Experiment Files/CPU_desigin/LAB2/proj_miniRV_minisys/proj_single_cycle/programDRAM.coe' provided. It will be converted relative to IP Instance files '../../../../programDRAM.coe'
generate_target all [get_files  {{e:/Experiment Files/CPU_desigin/LAB2/proj_miniRV_minisys/proj_single_cycle/proj_single_cycle.srcs/sources_1/ip/DRAM/DRAM.xci}}]
INFO: [IP_Flow 19-1686] Generating 'Instantiation Template' target for IP 'DRAM'...
INFO: [IP_Flow 19-1686] Generating 'Synthesis' target for IP 'DRAM'...
INFO: [IP_Flow 19-1686] Generating 'Simulation' target for IP 'DRAM'...
INFO: [IP_Flow 19-1686] Generating 'Change Log' target for IP 'DRAM'...
catch { config_ip_cache -export [get_ips -all DRAM] }
export_ip_user_files -of_objects [get_files {{e:/Experiment Files/CPU_desigin/LAB2/proj_miniRV_minisys/proj_single_cycle/proj_single_cycle.srcs/sources_1/ip/DRAM/DRAM.xci}}] -no_script -sync -force -quiet
reset_run DRAM_synth_1
WARNING: [Vivado 12-1017] Problems encountered:
1. Failed to delete one or more files in run directory E:/Experiment Files/CPU_desigin/LAB2/proj_miniRV_minisys/proj_single_cycle/proj_single_cycle.runs/DRAM_synth_1

launch_runs -jobs 12 DRAM_synth_1
[Fri Jul  4 09:44:01 2025] Launched DRAM_synth_1...
Run output will be captured here: E:/Experiment Files/CPU_desigin/LAB2/proj_miniRV_minisys/proj_single_cycle/proj_single_cycle.runs/DRAM_synth_1/runme.log
export_simulation -of_objects [get_files {{e:/Experiment Files/CPU_desigin/LAB2/proj_miniRV_minisys/proj_single_cycle/proj_single_cycle.srcs/sources_1/ip/DRAM/DRAM.xci}}] -directory {E:/Experiment Files/CPU_desigin/LAB2/proj_miniRV_minisys/proj_single_cycle/proj_single_cycle.ip_user_files/sim_scripts} -ip_user_files_dir {E:/Experiment Files/CPU_desigin/LAB2/proj_miniRV_minisys/proj_single_cycle/proj_single_cycle.ip_user_files} -ipstatic_source_dir {E:/Experiment Files/CPU_desigin/LAB2/proj_miniRV_minisys/proj_single_cycle/proj_single_cycle.ip_user_files/ipstatic} -lib_map_path [list {modelsim=E:/Experiment Files/CPU_desigin/LAB2/proj_miniRV_minisys/proj_single_cycle/proj_single_cycle.cache/compile_simlib/modelsim} {questa=E:/Experiment Files/CPU_desigin/LAB2/proj_miniRV_minisys/proj_single_cycle/proj_single_cycle.cache/compile_simlib/questa} {riviera=E:/Experiment Files/CPU_desigin/LAB2/proj_miniRV_minisys/proj_single_cycle/proj_single_cycle.cache/compile_simlib/riviera} {activehdl=E:/Experiment Files/CPU_desigin/LAB2/proj_miniRV_minisys/proj_single_cycle/proj_single_cycle.cache/compile_simlib/activehdl}] -use_ip_compiled_libs -force -quiet
update_compile_order -fileset sources_1
update_compile_order -fileset sources_1
update_compile_order -fileset sources_1
close [ open {E:/Experiment Files/CPU_desigin/LAB2/proj_miniRV_minisys/proj_single_cycle/proj_single_cycle.srcs/sources_1/new/Digital_LED.v} w ]
add_files {{E:/Experiment Files/CPU_desigin/LAB2/proj_miniRV_minisys/proj_single_cycle/proj_single_cycle.srcs/sources_1/new/Digital_LED.v}}
update_compile_order -fileset sources_1
close [ open {E:/Experiment Files/CPU_desigin/LAB2/proj_miniRV_minisys/proj_single_cycle/proj_single_cycle.srcs/sources_1/new/Switch.v} w ]
add_files {{E:/Experiment Files/CPU_desigin/LAB2/proj_miniRV_minisys/proj_single_cycle/proj_single_cycle.srcs/sources_1/new/Switch.v}}
close [ open {E:/Experiment Files/CPU_desigin/LAB2/proj_miniRV_minisys/proj_single_cycle/proj_single_cycle.srcs/sources_1/new/LED.v} w ]
add_files {{E:/Experiment Files/CPU_desigin/LAB2/proj_miniRV_minisys/proj_single_cycle/proj_single_cycle.srcs/sources_1/new/LED.v}}
close [ open {E:/Experiment Files/CPU_desigin/LAB2/proj_miniRV_minisys/proj_single_cycle/proj_single_cycle.srcs/sources_1/new/Button.v} w ]
add_files {{E:/Experiment Files/CPU_desigin/LAB2/proj_miniRV_minisys/proj_single_cycle/proj_single_cycle.srcs/sources_1/new/Button.v}}
update_compile_order -fileset sources_1
close [ open {E:/Experiment Files/CPU_desigin/LAB2/proj_miniRV_minisys/proj_single_cycle/proj_single_cycle.srcs/sources_1/new/Timer.v} w ]
add_files {{E:/Experiment Files/CPU_desigin/LAB2/proj_miniRV_minisys/proj_single_cycle/proj_single_cycle.srcs/sources_1/new/Timer.v}}
update_compile_order -fileset sources_1
update_compile_order -fileset sources_1
launch_runs synth_1 -jobs 12
[Thu Jul 10 17:34:41 2025] Launched synth_1...
Run output will be captured here: E:/Experiment Files/CPU_desigin/LAB2/proj_miniRV_minisys/proj_single_cycle/proj_single_cycle.runs/synth_1/runme.log
reset_run synth_1
launch_runs synth_1 -jobs 12
[Thu Jul 10 17:36:50 2025] Launched synth_1...
Run output will be captured here: E:/Experiment Files/CPU_desigin/LAB2/proj_miniRV_minisys/proj_single_cycle/proj_single_cycle.runs/synth_1/runme.log
reset_run synth_1
launch_runs synth_1 -jobs 12
[Thu Jul 10 17:39:30 2025] Launched synth_1...
Run output will be captured here: E:/Experiment Files/CPU_desigin/LAB2/proj_miniRV_minisys/proj_single_cycle/proj_single_cycle.runs/synth_1/runme.log
launch_runs impl_1 -jobs 12
[Thu Jul 10 17:40:29 2025] Launched impl_1...
Run output will be captured here: E:/Experiment Files/CPU_desigin/LAB2/proj_miniRV_minisys/proj_single_cycle/proj_single_cycle.runs/impl_1/runme.log
exit
INFO: [Common 17-206] Exiting Vivado at Thu Jul 10 18:07:06 2025...
